mode: atomic
get-to-work-problem/calculator/calculator.go:28.49,30.2 1 4
get-to-work-problem/calculator/calculator.go:31.54,33.2 1 4
get-to-work-problem/calculator/calculator.go:34.59,35.36 1 10
get-to-work-problem/calculator/calculator.go:35.36,37.3 1 2
get-to-work-problem/calculator/calculator.go:38.2,38.38 1 8
get-to-work-problem/calculator/calculator.go:41.59,57.30 8 3
get-to-work-problem/calculator/calculator.go:57.30,58.33 1 7
get-to-work-problem/calculator/calculator.go:58.33,60.12 1 2
get-to-work-problem/calculator/calculator.go:63.3,63.29 1 5
get-to-work-problem/calculator/calculator.go:63.29,66.22 2 5
get-to-work-problem/calculator/calculator.go:66.22,68.5 1 1
get-to-work-problem/calculator/calculator.go:69.4,75.28 5 4
get-to-work-problem/calculator/calculator.go:78.3,78.28 1 4
get-to-work-problem/calculator/calculator.go:78.28,81.4 2 3
get-to-work-problem/calculator/calculator.go:82.3,82.19 1 4
get-to-work-problem/calculator/calculator.go:86.2,87.20 2 2
get-to-work-problem/calculator/calculator.go:87.20,89.3 1 0
get-to-work-problem/calculator/calculator.go:90.2,91.15 2 2
get-to-work-problem/calculator/calculator.go:94.59,98.20 3 5
get-to-work-problem/calculator/calculator.go:98.20,100.3 1 2
get-to-work-problem/calculator/calculator.go:101.2,102.16 2 3
get-to-work-problem/calculator/calculator.go:102.16,105.3 1 0
get-to-work-problem/calculator/calculator.go:106.2,107.37 2 3
get-to-work-problem/calculator/calculator.go:107.37,113.22 3 3
get-to-work-problem/calculator/calculator.go:113.22,115.4 1 0
get-to-work-problem/calculator/calculator.go:116.3,117.17 2 3
get-to-work-problem/calculator/calculator.go:117.17,119.4 1 0
get-to-work-problem/calculator/calculator.go:120.3,121.17 2 3
get-to-work-problem/calculator/calculator.go:121.17,123.4 1 0
get-to-work-problem/calculator/calculator.go:125.3,126.17 2 3
get-to-work-problem/calculator/calculator.go:126.17,128.4 1 0
get-to-work-problem/calculator/calculator.go:130.3,130.40 1 3
get-to-work-problem/calculator/calculator.go:130.40,133.30 3 6
get-to-work-problem/calculator/calculator.go:133.30,135.5 1 1
get-to-work-problem/calculator/calculator.go:136.4,137.18 2 5
get-to-work-problem/calculator/calculator.go:137.18,139.5 1 0
get-to-work-problem/calculator/calculator.go:140.4,141.18 2 5
get-to-work-problem/calculator/calculator.go:141.18,143.5 1 1
get-to-work-problem/calculator/calculator.go:144.4,144.47 1 4
get-to-work-problem/calculator/calculator.go:146.3,147.29 2 1
get-to-work-problem/calculator/calculator.go:149.2,149.20 1 1
get-to-work-problem/calculator/calculator.go:152.93,155.42 2 7
get-to-work-problem/calculator/calculator.go:155.42,157.3 1 1
get-to-work-problem/calculator/calculator.go:158.2,158.37 1 6
get-to-work-problem/calculator/calculator.go:158.37,161.26 3 3
get-to-work-problem/calculator/calculator.go:161.26,162.9 1 3
get-to-work-problem/calculator/calculator.go:165.2,165.19 1 6
